0 info it worked if it ends with ok
1 verbose cli [ '/Users/peter/.nvm/versions/node/v4.2.0/bin/node',
1 verbose cli   '/Users/peter/.nvm/versions/node/v4.2.0/bin/npm',
1 verbose cli   'start' ]
2 info using npm@3.3.9
3 info using node@v4.2.0
4 verbose run-script [ 'prestart', 'start', 'poststart' ]
5 info lifecycle desktop-peripheral@1.0.0~prestart: desktop-peripheral@1.0.0
6 silly lifecycle desktop-peripheral@1.0.0~prestart: no script for prestart, continuing
7 info lifecycle desktop-peripheral@1.0.0~start: desktop-peripheral@1.0.0
8 verbose lifecycle desktop-peripheral@1.0.0~start: unsafe-perm in lifecycle true
9 verbose lifecycle desktop-peripheral@1.0.0~start: PATH: /Users/peter/.nvm/versions/node/v4.2.0/lib/node_modules/npm/bin/node-gyp-bin:/Users/peter/dev/src/misc/misc/over-the-air-2016-hack/desktop-peripheral/node_modules/.bin:/Users/peter/.gem/bin:/Users/peter/dev/lib/flow:/Users/peter/Library/Android/sdk/platform-tools/:/usr/local/apache-maven-3.2.3/bin:/usr/local/heroku/bin:/Users/peter/.rvm/gems/ruby-2.2.3/bin:/Users/peter/.rvm/gems/ruby-2.2.3@global/bin:/Users/peter/.rvm/rubies/ruby-2.2.3/bin:/Library/Frameworks/Python.framework/Versions/3.5/bin:/Users/peter/.nvm/versions/node/v4.2.0/bin:/usr/local/bin:/usr/bin:/bin:/usr/sbin:/sbin:/opt/X11/bin:/usr/local/go/bin:/Users/peter/.rvm/bin:/Users/peter/.rvm/bin:/Users/peter/dev/src/external/depot_tools
10 verbose lifecycle desktop-peripheral@1.0.0~start: CWD: /Users/peter/dev/src/misc/misc/over-the-air-2016-hack/desktop-peripheral
11 silly lifecycle desktop-peripheral@1.0.0~start: Args: [ '-c', 'node index.js' ]
12 silly lifecycle desktop-peripheral@1.0.0~start: Returned: code: 1  signal: null
13 info lifecycle desktop-peripheral@1.0.0~start: Failed to exec start script
14 verbose stack Error: desktop-peripheral@1.0.0 start: `node index.js`
14 verbose stack Exit status 1
14 verbose stack     at EventEmitter.<anonymous> (/Users/peter/.nvm/versions/node/v4.2.0/lib/node_modules/npm/lib/utils/lifecycle.js:233:16)
14 verbose stack     at emitTwo (events.js:87:13)
14 verbose stack     at EventEmitter.emit (events.js:172:7)
14 verbose stack     at ChildProcess.<anonymous> (/Users/peter/.nvm/versions/node/v4.2.0/lib/node_modules/npm/lib/utils/spawn.js:24:14)
14 verbose stack     at emitTwo (events.js:87:13)
14 verbose stack     at ChildProcess.emit (events.js:172:7)
14 verbose stack     at maybeClose (internal/child_process.js:818:16)
14 verbose stack     at Process.ChildProcess._handle.onexit (internal/child_process.js:211:5)
15 verbose pkgid desktop-peripheral@1.0.0
16 verbose cwd /Users/peter/dev/src/misc/misc/over-the-air-2016-hack/desktop-peripheral
17 error Darwin 15.6.0
18 error argv "/Users/peter/.nvm/versions/node/v4.2.0/bin/node" "/Users/peter/.nvm/versions/node/v4.2.0/bin/npm" "start"
19 error node v4.2.0
20 error npm  v3.3.9
21 error code ELIFECYCLE
22 error desktop-peripheral@1.0.0 start: `node index.js`
22 error Exit status 1
23 error Failed at the desktop-peripheral@1.0.0 start script 'node index.js'.
23 error This is most likely a problem with the desktop-peripheral package,
23 error not with npm itself.
23 error Tell the author that this fails on your system:
23 error     node index.js
23 error You can get their info via:
23 error     npm owner ls desktop-peripheral
23 error There is likely additional logging output above.
24 verbose exit [ 1, true ]
